<?xml version="1.0" encoding="UTF-8"?>
<testng-results skipped="0" failed="0" ignored="0" total="1" passed="1">
  <reporter-output>
  </reporter-output>
  <suite name="Suite" duration-ms="28467" started-at="2022-11-15T07:09:11 IST" finished-at="2022-11-15T07:09:39 IST">
    <groups>
    </groups>
    <test name="Test" duration-ms="28467" started-at="2022-11-15T07:09:11 IST" finished-at="2022-11-15T07:09:39 IST">
      <class name="com.mystore.testcases.SauceCompleteTest">
        <test-method status="PASS" signature="setUp()[pri:0, instance:com.mystore.testcases.SauceCompleteTest@45820e51]" name="setUp" is-config="true" duration-ms="16668" started-at="2022-11-15T07:09:11 IST" finished-at="2022-11-15T07:09:28 IST">
          <reporter-output>
          </reporter-output>
        </test-method> <!-- setUp -->
        <test-method status="PASS" signature="verifyProduct()[pri:0, instance:com.mystore.testcases.SauceCompleteTest@45820e51]" name="verifyProduct" duration-ms="10196" started-at="2022-11-15T07:09:28 IST" finished-at="2022-11-15T07:09:38 IST">
          <reporter-output>
          </reporter-output>
        </test-method> <!-- verifyProduct -->
        <test-method status="PASS" signature="tearDown()[pri:0, instance:com.mystore.testcases.SauceCompleteTest@45820e51]" name="tearDown" is-config="true" duration-ms="846" started-at="2022-11-15T07:09:38 IST" finished-at="2022-11-15T07:09:39 IST">
          <reporter-output>
          </reporter-output>
        </test-method> <!-- tearDown -->
      </class> <!-- com.mystore.testcases.SauceCompleteTest -->
    </test> <!-- Test -->
  </suite> <!-- Suite -->
</testng-results>
