<?xml version="1.0" encoding="UTF-8"?>
<testng-results skipped="0" failed="0" ignored="0" total="1" passed="1">
  <reporter-output>
  </reporter-output>
  <suite name="Suite" duration-ms="22725" started-at="2022-11-14T01:35:10Z" finished-at="2022-11-14T01:35:33Z">
    <groups>
    </groups>
    <test name="Test" duration-ms="22725" started-at="2022-11-14T01:35:10Z" finished-at="2022-11-14T01:35:33Z">
      <class name="com.mystore.testcases.SauceCompleteTest">
        <test-method status="PASS" signature="setUp()[pri:0, instance:com.mystore.testcases.SauceCompleteTest@63753b6d]" name="setUp" is-config="true" duration-ms="7445" started-at="2022-11-14T01:35:11Z" finished-at="2022-11-14T01:35:18Z">
          <reporter-output>
          </reporter-output>
        </test-method> <!-- setUp -->
        <test-method status="PASS" signature="verifyProduct()[pri:0, instance:com.mystore.testcases.SauceCompleteTest@63753b6d]" name="verifyProduct" duration-ms="13318" started-at="2022-11-14T01:35:18Z" finished-at="2022-11-14T01:35:32Z">
          <reporter-output>
          </reporter-output>
        </test-method> <!-- verifyProduct -->
        <test-method status="PASS" signature="tearDown()[pri:0, instance:com.mystore.testcases.SauceCompleteTest@63753b6d]" name="tearDown" is-config="true" duration-ms="1210" started-at="2022-11-14T01:35:32Z" finished-at="2022-11-14T01:35:33Z">
          <reporter-output>
          </reporter-output>
        </test-method> <!-- tearDown -->
      </class> <!-- com.mystore.testcases.SauceCompleteTest -->
    </test> <!-- Test -->
  </suite> <!-- Suite -->
</testng-results>
